<?xml version="1.0" encoding="UTF-8"?>
<testsuite name="jpa.pricehoon.channel.ChannelRepositoryTest" tests="1" skipped="0" failures="0" errors="0" timestamp="2023-02-02T12:33:40" hostname="bagsanghun-ui-MacBookPro.local" time="0.14">
  <properties/>
  <testcase name="contextHolderLifeCycleTest()" classname="jpa.pricehoon.channel.ChannelRepositoryTest" time="0.14"/>
  <system-out><![CDATA[21:33:37.870 [Test worker] DEBUG org.springframework.boot.test.context.SpringBootTestContextBootstrapper - Neither @ContextConfiguration nor @ContextHierarchy found for test class [ChannelRepositoryTest]: using SpringBootContextLoader
21:33:37.872 [Test worker] DEBUG org.springframework.test.context.support.AbstractContextLoader - Could not detect default resource locations for test class [jpa.pricehoon.channel.ChannelRepositoryTest]: no resource found for suffixes {-context.xml, Context.groovy}.
21:33:37.872 [Test worker] INFO org.springframework.test.context.support.AnnotationConfigContextLoaderUtils - Could not detect default configuration classes for test class [jpa.pricehoon.channel.ChannelRepositoryTest]: ChannelRepositoryTest does not declare any static, non-private, non-final, nested classes annotated with @Configuration.
21:33:37.884 [Test worker] DEBUG org.springframework.boot.test.context.SpringBootTestContextBootstrapper - Using ContextCustomizers for test class [ChannelRepositoryTest]: [DisableObservabilityContextCustomizer, PropertyMappingContextCustomizer, Customizer, ExcludeFilterContextCustomizer, DuplicateJsonObjectContextCustomizer, MockitoContextCustomizer, TestRestTemplateContextCustomizer]
21:33:37.924 [Test worker] DEBUG org.springframework.context.annotation.ClassPathScanningCandidateComponentProvider - Identified candidate component class: file [/Users/bagsanghun/javaWorkspace/jpa/build/classes/java/main/jpa/pricehoon/Application.class]
21:33:37.924 [Test worker] INFO org.springframework.boot.test.context.SpringBootTestContextBootstrapper - Found @SpringBootConfiguration jpa.pricehoon.Application for test class jpa.pricehoon.channel.ChannelRepositoryTest
21:33:37.967 [Test worker] DEBUG org.springframework.boot.test.context.SpringBootTestContextBootstrapper - Using TestExecutionListeners for test class [ChannelRepositoryTest]: [ServletTestExecutionListener, DirtiesContextBeforeModesTestExecutionListener, ApplicationEventsTestExecutionListener, MockitoTestExecutionListener, DependencyInjectionTestExecutionListener, DirtiesContextTestExecutionListener, TransactionalTestExecutionListener, SqlScriptsTestExecutionListener, EventPublishingTestExecutionListener, RestDocsTestExecutionListener, MockRestServiceServerResetTestExecutionListener, MockMvcPrintOnlyOnFailureTestExecutionListener, WebDriverTestExecutionListener, MockWebServiceServerTestExecutionListener, ResetMocksTestExecutionListener]
21:33:37.968 [Test worker] DEBUG org.springframework.test.context.support.AbstractDirtiesContextTestExecutionListener - Before test class: class [ChannelRepositoryTest], class annotated with @DirtiesContext [false] with mode [null]

  .   ____          _            __ _ _
 /\\ / ___'_ __ _ _(_)_ __  __ _ \ \ \ \
( ( )\___ | '_ | '_| | '_ \/ _` | \ \ \ \
 \\/  ___)| |_)| | | | | || (_| |  ) ) ) )
  '  |____| .__|_| |_|_| |_\__, | / / / /
 =========|_|==============|___/=/_/_/_/
 :: Spring Boot ::                (v3.0.1)

2023-02-02T21:33:38.117+09:00  INFO 16951 --- [    Test worker] j.p.channel.ChannelRepositoryTest        : Starting ChannelRepositoryTest using Java 17.0.5 with PID 16951 (started by bagsanghun in /Users/bagsanghun/javaWorkspace/jpa)
2023-02-02T21:33:38.118+09:00  INFO 16951 --- [    Test worker] j.p.channel.ChannelRepositoryTest        : No active profile set, falling back to 1 default profile: "default"
2023-02-02T21:33:38.415+09:00  INFO 16951 --- [    Test worker] .s.d.r.c.RepositoryConfigurationDelegate : Bootstrapping Spring Data JPA repositories in DEFAULT mode.
2023-02-02T21:33:38.447+09:00  INFO 16951 --- [    Test worker] .s.d.r.c.RepositoryConfigurationDelegate : Finished Spring Data repository scanning in 27 ms. Found 3 JPA repository interfaces.
2023-02-02T21:33:38.497+09:00  WARN 16951 --- [    Test worker] o.m.s.mapper.ClassPathMapperScanner      : No MyBatis mapper was found in '[jpa.pricehoon.mapper.*]' package. Please check your configuration.
2023-02-02T21:33:38.678+09:00  INFO 16951 --- [    Test worker] o.hibernate.jpa.internal.util.LogHelper  : HHH000204: Processing PersistenceUnitInfo [name: default]
2023-02-02T21:33:38.701+09:00  INFO 16951 --- [    Test worker] org.hibernate.Version                    : HHH000412: Hibernate ORM core version 6.1.6.Final
2023-02-02T21:33:38.782+09:00  WARN 16951 --- [    Test worker] org.hibernate.orm.deprecation            : HHH90000021: Encountered deprecated setting [javax.persistence.sharedCache.mode], use [jakarta.persistence.sharedCache.mode] instead
2023-02-02T21:33:38.810+09:00 DEBUG 16951 --- [    Test worker] o.h.t.d.jdbc.spi.JdbcTypeRegistry        : addDescriptor(FloatTypeDescriptor) replaced previous registration(DoubleTypeDescriptor)
2023-02-02T21:33:38.815+09:00 DEBUG 16951 --- [    Test worker] org.hibernate.type.BasicTypeRegistry     : Adding type registration boolean -> org.hibernate.type.BasicTypeReference@6fb0261e
2023-02-02T21:33:38.815+09:00 DEBUG 16951 --- [    Test worker] org.hibernate.type.BasicTypeRegistry     : Adding type registration boolean -> org.hibernate.type.BasicTypeReference@6fb0261e
2023-02-02T21:33:38.815+09:00 DEBUG 16951 --- [    Test worker] org.hibernate.type.BasicTypeRegistry     : Adding type registration java.lang.Boolean -> org.hibernate.type.BasicTypeReference@6fb0261e
2023-02-02T21:33:38.815+09:00 DEBUG 16951 --- [    Test worker] org.hibernate.type.BasicTypeRegistry     : Adding type registration numeric_boolean -> org.hibernate.type.BasicTypeReference@d6b532f
2023-02-02T21:33:38.815+09:00 DEBUG 16951 --- [    Test worker] org.hibernate.type.BasicTypeRegistry     : Adding type registration org.hibernate.type.NumericBooleanConverter -> org.hibernate.type.BasicTypeReference@d6b532f
2023-02-02T21:33:38.815+09:00 DEBUG 16951 --- [    Test worker] org.hibernate.type.BasicTypeRegistry     : Adding type registration true_false -> org.hibernate.type.BasicTypeReference@2f4d01b6
2023-02-02T21:33:38.815+09:00 DEBUG 16951 --- [    Test worker] org.hibernate.type.BasicTypeRegistry     : Adding type registration org.hibernate.type.TrueFalseConverter -> org.hibernate.type.BasicTypeReference@2f4d01b6
2023-02-02T21:33:38.815+09:00 DEBUG 16951 --- [    Test worker] org.hibernate.type.BasicTypeRegistry     : Adding type registration yes_no -> org.hibernate.type.BasicTypeReference@112c2930
2023-02-02T21:33:38.815+09:00 DEBUG 16951 --- [    Test worker] org.hibernate.type.BasicTypeRegistry     : Adding type registration org.hibernate.type.YesNoConverter -> org.hibernate.type.BasicTypeReference@112c2930
2023-02-02T21:33:38.815+09:00 DEBUG 16951 --- [    Test worker] org.hibernate.type.BasicTypeRegistry     : Adding type registration byte -> org.hibernate.type.BasicTypeReference@7f426ddd
2023-02-02T21:33:38.815+09:00 DEBUG 16951 --- [    Test worker] org.hibernate.type.BasicTypeRegistry     : Adding type registration byte -> org.hibernate.type.BasicTypeReference@7f426ddd
2023-02-02T21:33:38.816+09:00 DEBUG 16951 --- [    Test worker] org.hibernate.type.BasicTypeRegistry     : Adding type registration java.lang.Byte -> org.hibernate.type.BasicTypeReference@7f426ddd
2023-02-02T21:33:38.816+09:00 DEBUG 16951 --- [    Test worker] org.hibernate.type.BasicTypeRegistry     : Adding type registration binary -> org.hibernate.type.BasicTypeReference@1f758e4f
2023-02-02T21:33:38.816+09:00 DEBUG 16951 --- [    Test worker] org.hibernate.type.BasicTypeRegistry     : Adding type registration byte[] -> org.hibernate.type.BasicTypeReference@1f758e4f
2023-02-02T21:33:38.816+09:00 DEBUG 16951 --- [    Test worker] org.hibernate.type.BasicTypeRegistry     : Adding type registration [B -> org.hibernate.type.BasicTypeReference@1f758e4f
2023-02-02T21:33:38.816+09:00 DEBUG 16951 --- [    Test worker] org.hibernate.type.BasicTypeRegistry     : Adding type registration binary_wrapper -> org.hibernate.type.BasicTypeReference@733534f9
2023-02-02T21:33:38.816+09:00 DEBUG 16951 --- [    Test worker] org.hibernate.type.BasicTypeRegistry     : Adding type registration wrapper-binary -> org.hibernate.type.BasicTypeReference@733534f9
2023-02-02T21:33:38.816+09:00 DEBUG 16951 --- [    Test worker] org.hibernate.type.BasicTypeRegistry     : Adding type registration Byte[] -> org.hibernate.type.BasicTypeReference@733534f9
2023-02-02T21:33:38.816+09:00 DEBUG 16951 --- [    Test worker] org.hibernate.type.BasicTypeRegistry     : Adding type registration [Ljava.lang.Byte; -> org.hibernate.type.BasicTypeReference@733534f9
2023-02-02T21:33:38.816+09:00 DEBUG 16951 --- [    Test worker] org.hibernate.type.BasicTypeRegistry     : Adding type registration image -> org.hibernate.type.BasicTypeReference@661e279d
2023-02-02T21:33:38.816+09:00 DEBUG 16951 --- [    Test worker] org.hibernate.type.BasicTypeRegistry     : Adding type registration blob -> org.hibernate.type.BasicTypeReference@beabd6b
2023-02-02T21:33:38.816+09:00 DEBUG 16951 --- [    Test worker] org.hibernate.type.BasicTypeRegistry     : Adding type registration java.sql.Blob -> org.hibernate.type.BasicTypeReference@beabd6b
2023-02-02T21:33:38.816+09:00 DEBUG 16951 --- [    Test worker] org.hibernate.type.BasicTypeRegistry     : Adding type registration materialized_blob -> org.hibernate.type.BasicTypeReference@38de5daf
2023-02-02T21:33:38.816+09:00 DEBUG 16951 --- [    Test worker] org.hibernate.type.BasicTypeRegistry     : Adding type registration materialized_blob_wrapper -> org.hibernate.type.BasicTypeReference@621624b1
2023-02-02T21:33:38.817+09:00 DEBUG 16951 --- [    Test worker] org.hibernate.type.BasicTypeRegistry     : Adding type registration short -> org.hibernate.type.BasicTypeReference@7523d5a1
2023-02-02T21:33:38.817+09:00 DEBUG 16951 --- [    Test worker] org.hibernate.type.BasicTypeRegistry     : Adding type registration short -> org.hibernate.type.BasicTypeReference@7523d5a1
2023-02-02T21:33:38.817+09:00 DEBUG 16951 --- [    Test worker] org.hibernate.type.BasicTypeRegistry     : Adding type registration java.lang.Short -> org.hibernate.type.BasicTypeReference@7523d5a1
2023-02-02T21:33:38.817+09:00 DEBUG 16951 --- [    Test worker] org.hibernate.type.BasicTypeRegistry     : Adding type registration integer -> org.hibernate.type.BasicTypeReference@2bfc2f8b
2023-02-02T21:33:38.817+09:00 DEBUG 16951 --- [    Test worker] org.hibernate.type.BasicTypeRegistry     : Adding type registration int -> org.hibernate.type.BasicTypeReference@2bfc2f8b
2023-02-02T21:33:38.817+09:00 DEBUG 16951 --- [    Test worker] org.hibernate.type.BasicTypeRegistry     : Adding type registration java.lang.Integer -> org.hibernate.type.BasicTypeReference@2bfc2f8b
2023-02-02T21:33:38.817+09:00 DEBUG 16951 --- [    Test worker] org.hibernate.type.BasicTypeRegistry     : Adding type registration long -> org.hibernate.type.BasicTypeReference@61853c7e
2023-02-02T21:33:38.817+09:00 DEBUG 16951 --- [    Test worker] org.hibernate.type.BasicTypeRegistry     : Adding type registration long -> org.hibernate.type.BasicTypeReference@61853c7e
2023-02-02T21:33:38.817+09:00 DEBUG 16951 --- [    Test worker] org.hibernate.type.BasicTypeRegistry     : Adding type registration java.lang.Long -> org.hibernate.type.BasicTypeReference@61853c7e
2023-02-02T21:33:38.817+09:00 DEBUG 16951 --- [    Test worker] org.hibernate.type.BasicTypeRegistry     : Adding type registration float -> org.hibernate.type.BasicTypeReference@32e5af53
2023-02-02T21:33:38.817+09:00 DEBUG 16951 --- [    Test worker] org.hibernate.type.BasicTypeRegistry     : Adding type registration float -> org.hibernate.type.BasicTypeReference@32e5af53
2023-02-02T21:33:38.817+09:00 DEBUG 16951 --- [    Test worker] org.hibernate.type.BasicTypeRegistry     : Adding type registration java.lang.Float -> org.hibernate.type.BasicTypeReference@32e5af53
2023-02-02T21:33:38.817+09:00 DEBUG 16951 --- [    Test worker] org.hibernate.type.BasicTypeRegistry     : Adding type registration double -> org.hibernate.type.BasicTypeReference@5980fa73
2023-02-02T21:33:38.817+09:00 DEBUG 16951 --- [    Test worker] org.hibernate.type.BasicTypeRegistry     : Adding type registration double -> org.hibernate.type.BasicTypeReference@5980fa73
2023-02-02T21:33:38.817+09:00 DEBUG 16951 --- [    Test worker] org.hibernate.type.BasicTypeRegistry     : Adding type registration java.lang.Double -> org.hibernate.type.BasicTypeReference@5980fa73
2023-02-02T21:33:38.817+09:00 DEBUG 16951 --- [    Test worker] org.hibernate.type.BasicTypeRegistry     : Adding type registration big_integer -> org.hibernate.type.BasicTypeReference@13ca16bf
2023-02-02T21:33:38.817+09:00 DEBUG 16951 --- [    Test worker] org.hibernate.type.BasicTypeRegistry     : Adding type registration java.math.BigInteger -> org.hibernate.type.BasicTypeReference@13ca16bf
2023-02-02T21:33:38.817+09:00 DEBUG 16951 --- [    Test worker] org.hibernate.type.BasicTypeRegistry     : Adding type registration big_decimal -> org.hibernate.type.BasicTypeReference@5be4be74
2023-02-02T21:33:38.817+09:00 DEBUG 16951 --- [    Test worker] org.hibernate.type.BasicTypeRegistry     : Adding type registration java.math.BigDecimal -> org.hibernate.type.BasicTypeReference@5be4be74
2023-02-02T21:33:38.817+09:00 DEBUG 16951 --- [    Test worker] org.hibernate.type.BasicTypeRegistry     : Adding type registration character -> org.hibernate.type.BasicTypeReference@44641d6c
2023-02-02T21:33:38.817+09:00 DEBUG 16951 --- [    Test worker] org.hibernate.type.BasicTypeRegistry     : Adding type registration char -> org.hibernate.type.BasicTypeReference@44641d6c
2023-02-02T21:33:38.818+09:00 DEBUG 16951 --- [    Test worker] org.hibernate.type.BasicTypeRegistry     : Adding type registration java.lang.Character -> org.hibernate.type.BasicTypeReference@44641d6c
2023-02-02T21:33:38.818+09:00 DEBUG 16951 --- [    Test worker] org.hibernate.type.BasicTypeRegistry     : Adding type registration character_nchar -> org.hibernate.type.BasicTypeReference@1ae924f1
2023-02-02T21:33:38.818+09:00 DEBUG 16951 --- [    Test worker] org.hibernate.type.BasicTypeRegistry     : Adding type registration string -> org.hibernate.type.BasicTypeReference@59d5a6fd
2023-02-02T21:33:38.818+09:00 DEBUG 16951 --- [    Test worker] org.hibernate.type.BasicTypeRegistry     : Adding type registration java.lang.String -> org.hibernate.type.BasicTypeReference@59d5a6fd
2023-02-02T21:33:38.818+09:00 DEBUG 16951 --- [    Test worker] org.hibernate.type.BasicTypeRegistry     : Adding type registration nstring -> org.hibernate.type.BasicTypeReference@27bcb4ad
2023-02-02T21:33:38.818+09:00 DEBUG 16951 --- [    Test worker] org.hibernate.type.BasicTypeRegistry     : Adding type registration characters -> org.hibernate.type.BasicTypeReference@4357524b
2023-02-02T21:33:38.819+09:00 DEBUG 16951 --- [    Test worker] org.hibernate.type.BasicTypeRegistry     : Adding type registration char[] -> org.hibernate.type.BasicTypeReference@4357524b
2023-02-02T21:33:38.819+09:00 DEBUG 16951 --- [    Test worker] org.hibernate.type.BasicTypeRegistry     : Adding type registration [C -> org.hibernate.type.BasicTypeReference@4357524b
2023-02-02T21:33:38.821+09:00 DEBUG 16951 --- [    Test worker] org.hibernate.type.BasicTypeRegistry     : Adding type registration wrapper-characters -> org.hibernate.type.BasicTypeReference@104a287c
2023-02-02T21:33:38.821+09:00 DEBUG 16951 --- [    Test worker] org.hibernate.type.BasicTypeRegistry     : Adding type registration [Ljava.lang.Character; -> org.hibernate.type.BasicTypeReference@104a287c
2023-02-02T21:33:38.821+09:00 DEBUG 16951 --- [    Test worker] org.hibernate.type.BasicTypeRegistry     : Adding type registration Character[] -> org.hibernate.type.BasicTypeReference@104a287c
2023-02-02T21:33:38.821+09:00 DEBUG 16951 --- [    Test worker] org.hibernate.type.BasicTypeRegistry     : Adding type registration text -> org.hibernate.type.BasicTypeReference@64dc86c6
2023-02-02T21:33:38.821+09:00 DEBUG 16951 --- [    Test worker] org.hibernate.type.BasicTypeRegistry     : Adding type registration ntext -> org.hibernate.type.BasicTypeReference@26874f2c
2023-02-02T21:33:38.821+09:00 DEBUG 16951 --- [    Test worker] org.hibernate.type.BasicTypeRegistry     : Adding type registration clob -> org.hibernate.type.BasicTypeReference@5f3b84bd
2023-02-02T21:33:38.821+09:00 DEBUG 16951 --- [    Test worker] org.hibernate.type.BasicTypeRegistry     : Adding type registration java.sql.Clob -> org.hibernate.type.BasicTypeReference@5f3b84bd
2023-02-02T21:33:38.821+09:00 DEBUG 16951 --- [    Test worker] org.hibernate.type.BasicTypeRegistry     : Adding type registration nclob -> org.hibernate.type.BasicTypeReference@1e734eee
2023-02-02T21:33:38.821+09:00 DEBUG 16951 --- [    Test worker] org.hibernate.type.BasicTypeRegistry     : Adding type registration java.sql.NClob -> org.hibernate.type.BasicTypeReference@1e734eee
2023-02-02T21:33:38.821+09:00 DEBUG 16951 --- [    Test worker] org.hibernate.type.BasicTypeRegistry     : Adding type registration materialized_clob -> org.hibernate.type.BasicTypeReference@1e191150
2023-02-02T21:33:38.821+09:00 DEBUG 16951 --- [    Test worker] org.hibernate.type.BasicTypeRegistry     : Adding type registration materialized_clob_char_array -> org.hibernate.type.BasicTypeReference@2fbd390
2023-02-02T21:33:38.821+09:00 DEBUG 16951 --- [    Test worker] org.hibernate.type.BasicTypeRegistry     : Adding type registration materialized_clob_character_array -> org.hibernate.type.BasicTypeReference@166b11e
2023-02-02T21:33:38.821+09:00 DEBUG 16951 --- [    Test worker] org.hibernate.type.BasicTypeRegistry     : Adding type registration materialized_nclob -> org.hibernate.type.BasicTypeReference@5e68be2
2023-02-02T21:33:38.821+09:00 DEBUG 16951 --- [    Test worker] org.hibernate.type.BasicTypeRegistry     : Adding type registration materialized_nclob_character_array -> org.hibernate.type.BasicTypeReference@5323999f
2023-02-02T21:33:38.821+09:00 DEBUG 16951 --- [    Test worker] org.hibernate.type.BasicTypeRegistry     : Adding type registration materialized_nclob_char_array -> org.hibernate.type.BasicTypeReference@f18b738
2023-02-02T21:33:38.821+09:00 DEBUG 16951 --- [    Test worker] org.hibernate.type.BasicTypeRegistry     : Adding type registration Duration -> org.hibernate.type.BasicTypeReference@3bc20984
2023-02-02T21:33:38.821+09:00 DEBUG 16951 --- [    Test worker] org.hibernate.type.BasicTypeRegistry     : Adding type registration java.time.Duration -> org.hibernate.type.BasicTypeReference@3bc20984
2023-02-02T21:33:38.821+09:00 DEBUG 16951 --- [    Test worker] org.hibernate.type.BasicTypeRegistry     : Adding type registration LocalDateTime -> org.hibernate.type.BasicTypeReference@aca3c85
2023-02-02T21:33:38.822+09:00 DEBUG 16951 --- [    Test worker] org.hibernate.type.BasicTypeRegistry     : Adding type registration java.time.LocalDateTime -> org.hibernate.type.BasicTypeReference@aca3c85
2023-02-02T21:33:38.822+09:00 DEBUG 16951 --- [    Test worker] org.hibernate.type.BasicTypeRegistry     : Adding type registration LocalDate -> org.hibernate.type.BasicTypeReference@45eab322
2023-02-02T21:33:38.822+09:00 DEBUG 16951 --- [    Test worker] org.hibernate.type.BasicTypeRegistry     : Adding type registration java.time.LocalDate -> org.hibernate.type.BasicTypeReference@45eab322
2023-02-02T21:33:38.822+09:00 DEBUG 16951 --- [    Test worker] org.hibernate.type.BasicTypeRegistry     : Adding type registration LocalTime -> org.hibernate.type.BasicTypeReference@f017dd0
2023-02-02T21:33:38.822+09:00 DEBUG 16951 --- [    Test worker] org.hibernate.type.BasicTypeRegistry     : Adding type registration java.time.LocalTime -> org.hibernate.type.BasicTypeReference@f017dd0
2023-02-02T21:33:38.822+09:00 DEBUG 16951 --- [    Test worker] org.hibernate.type.BasicTypeRegistry     : Adding type registration OffsetDateTime -> org.hibernate.type.BasicTypeReference@2424cb9d
2023-02-02T21:33:38.822+09:00 DEBUG 16951 --- [    Test worker] org.hibernate.type.BasicTypeRegistry     : Adding type registration java.time.OffsetDateTime -> org.hibernate.type.BasicTypeReference@2424cb9d
2023-02-02T21:33:38.822+09:00 DEBUG 16951 --- [    Test worker] org.hibernate.type.BasicTypeRegistry     : Adding type registration OffsetDateTimeWithTimezone -> org.hibernate.type.BasicTypeReference@7f51f588
2023-02-02T21:33:38.822+09:00 DEBUG 16951 --- [    Test worker] org.hibernate.type.BasicTypeRegistry     : Adding type registration OffsetDateTimeWithoutTimezone -> org.hibernate.type.BasicTypeReference@6fb22ae3
2023-02-02T21:33:38.822+09:00 DEBUG 16951 --- [    Test worker] org.hibernate.type.BasicTypeRegistry     : Adding type registration OffsetTime -> org.hibernate.type.BasicTypeReference@6bd92538
2023-02-02T21:33:38.822+09:00 DEBUG 16951 --- [    Test worker] org.hibernate.type.BasicTypeRegistry     : Adding type registration java.time.OffsetTime -> org.hibernate.type.BasicTypeReference@6bd92538
2023-02-02T21:33:38.822+09:00 DEBUG 16951 --- [    Test worker] org.hibernate.type.BasicTypeRegistry     : Adding type registration ZonedDateTime -> org.hibernate.type.BasicTypeReference@69a373fd
2023-02-02T21:33:38.822+09:00 DEBUG 16951 --- [    Test worker] org.hibernate.type.BasicTypeRegistry     : Adding type registration java.time.ZonedDateTime -> org.hibernate.type.BasicTypeReference@69a373fd
2023-02-02T21:33:38.822+09:00 DEBUG 16951 --- [    Test worker] org.hibernate.type.BasicTypeRegistry     : Adding type registration ZonedDateTimeWithTimezone -> org.hibernate.type.BasicTypeReference@19ae36f4
2023-02-02T21:33:38.822+09:00 DEBUG 16951 --- [    Test worker] org.hibernate.type.BasicTypeRegistry     : Adding type registration ZonedDateTimeWithoutTimezone -> org.hibernate.type.BasicTypeReference@6735f210
2023-02-02T21:33:38.822+09:00 DEBUG 16951 --- [    Test worker] org.hibernate.type.BasicTypeRegistry     : Adding type registration date -> org.hibernate.type.BasicTypeReference@4567fb2b
2023-02-02T21:33:38.822+09:00 DEBUG 16951 --- [    Test worker] org.hibernate.type.BasicTypeRegistry     : Adding type registration java.sql.Date -> org.hibernate.type.BasicTypeReference@4567fb2b
2023-02-02T21:33:38.822+09:00 DEBUG 16951 --- [    Test worker] org.hibernate.type.BasicTypeRegistry     : Adding type registration time -> org.hibernate.type.BasicTypeReference@372954e1
2023-02-02T21:33:38.822+09:00 DEBUG 16951 --- [    Test worker] org.hibernate.type.BasicTypeRegistry     : Adding type registration java.sql.Time -> org.hibernate.type.BasicTypeReference@372954e1
2023-02-02T21:33:38.822+09:00 DEBUG 16951 --- [    Test worker] org.hibernate.type.BasicTypeRegistry     : Adding type registration timestamp -> org.hibernate.type.BasicTypeReference@5fd8dd66
2023-02-02T21:33:38.822+09:00 DEBUG 16951 --- [    Test worker] org.hibernate.type.BasicTypeRegistry     : Adding type registration java.sql.Timestamp -> org.hibernate.type.BasicTypeReference@5fd8dd66
2023-02-02T21:33:38.822+09:00 DEBUG 16951 --- [    Test worker] org.hibernate.type.BasicTypeRegistry     : Adding type registration java.util.Date -> org.hibernate.type.BasicTypeReference@5fd8dd66
2023-02-02T21:33:38.822+09:00 DEBUG 16951 --- [    Test worker] org.hibernate.type.BasicTypeRegistry     : Adding type registration calendar -> org.hibernate.type.BasicTypeReference@173511ff
2023-02-02T21:33:38.822+09:00 DEBUG 16951 --- [    Test worker] org.hibernate.type.BasicTypeRegistry     : Adding type registration java.util.Calendar -> org.hibernate.type.BasicTypeReference@173511ff
2023-02-02T21:33:38.823+09:00 DEBUG 16951 --- [    Test worker] org.hibernate.type.BasicTypeRegistry     : Adding type registration java.util.GregorianCalendar -> org.hibernate.type.BasicTypeReference@173511ff
2023-02-02T21:33:38.823+09:00 DEBUG 16951 --- [    Test worker] org.hibernate.type.BasicTypeRegistry     : Adding type registration calendar_date -> org.hibernate.type.BasicTypeReference@6df11e91
2023-02-02T21:33:38.823+09:00 DEBUG 16951 --- [    Test worker] org.hibernate.type.BasicTypeRegistry     : Adding type registration calendar_time -> org.hibernate.type.BasicTypeReference@1002d192
2023-02-02T21:33:38.823+09:00 DEBUG 16951 --- [    Test worker] org.hibernate.type.BasicTypeRegistry     : Adding type registration instant -> org.hibernate.type.BasicTypeReference@9281d19
2023-02-02T21:33:38.823+09:00 DEBUG 16951 --- [    Test worker] org.hibernate.type.BasicTypeRegistry     : Adding type registration java.time.Instant -> org.hibernate.type.BasicTypeReference@9281d19
2023-02-02T21:33:38.823+09:00 DEBUG 16951 --- [    Test worker] org.hibernate.type.BasicTypeRegistry     : Adding type registration uuid -> org.hibernate.type.BasicTypeReference@36ad5f2a
2023-02-02T21:33:38.823+09:00 DEBUG 16951 --- [    Test worker] org.hibernate.type.BasicTypeRegistry     : Adding type registration java.util.UUID -> org.hibernate.type.BasicTypeReference@36ad5f2a
2023-02-02T21:33:38.823+09:00 DEBUG 16951 --- [    Test worker] org.hibernate.type.BasicTypeRegistry     : Adding type registration pg-uuid -> org.hibernate.type.BasicTypeReference@36ad5f2a
2023-02-02T21:33:38.823+09:00 DEBUG 16951 --- [    Test worker] org.hibernate.type.BasicTypeRegistry     : Adding type registration uuid-binary -> org.hibernate.type.BasicTypeReference@53cddaf8
2023-02-02T21:33:38.823+09:00 DEBUG 16951 --- [    Test worker] org.hibernate.type.BasicTypeRegistry     : Adding type registration uuid-char -> org.hibernate.type.BasicTypeReference@55c50f52
2023-02-02T21:33:38.823+09:00 DEBUG 16951 --- [    Test worker] org.hibernate.type.BasicTypeRegistry     : Adding type registration class -> org.hibernate.type.BasicTypeReference@1ccc1026
2023-02-02T21:33:38.823+09:00 DEBUG 16951 --- [    Test worker] org.hibernate.type.BasicTypeRegistry     : Adding type registration java.lang.Class -> org.hibernate.type.BasicTypeReference@1ccc1026
2023-02-02T21:33:38.823+09:00 DEBUG 16951 --- [    Test worker] org.hibernate.type.BasicTypeRegistry     : Adding type registration currency -> org.hibernate.type.BasicTypeReference@4044589a
2023-02-02T21:33:38.823+09:00 DEBUG 16951 --- [    Test worker] org.hibernate.type.BasicTypeRegistry     : Adding type registration Currency -> org.hibernate.type.BasicTypeReference@4044589a
2023-02-02T21:33:38.823+09:00 DEBUG 16951 --- [    Test worker] org.hibernate.type.BasicTypeRegistry     : Adding type registration java.util.Currency -> org.hibernate.type.BasicTypeReference@4044589a
2023-02-02T21:33:38.823+09:00 DEBUG 16951 --- [    Test worker] org.hibernate.type.BasicTypeRegistry     : Adding type registration locale -> org.hibernate.type.BasicTypeReference@7de35070
2023-02-02T21:33:38.823+09:00 DEBUG 16951 --- [    Test worker] org.hibernate.type.BasicTypeRegistry     : Adding type registration java.util.Locale -> org.hibernate.type.BasicTypeReference@7de35070
2023-02-02T21:33:38.823+09:00 DEBUG 16951 --- [    Test worker] org.hibernate.type.BasicTypeRegistry     : Adding type registration serializable -> org.hibernate.type.BasicTypeReference@216f01
2023-02-02T21:33:38.823+09:00 DEBUG 16951 --- [    Test worker] org.hibernate.type.BasicTypeRegistry     : Adding type registration java.io.Serializable -> org.hibernate.type.BasicTypeReference@216f01
2023-02-02T21:33:38.823+09:00 DEBUG 16951 --- [    Test worker] org.hibernate.type.BasicTypeRegistry     : Adding type registration timezone -> org.hibernate.type.BasicTypeReference@7c901203
2023-02-02T21:33:38.823+09:00 DEBUG 16951 --- [    Test worker] org.hibernate.type.BasicTypeRegistry     : Adding type registration java.util.TimeZone -> org.hibernate.type.BasicTypeReference@7c901203
2023-02-02T21:33:38.823+09:00 DEBUG 16951 --- [    Test worker] org.hibernate.type.BasicTypeRegistry     : Adding type registration ZoneOffset -> org.hibernate.type.BasicTypeReference@1e721583
2023-02-02T21:33:38.823+09:00 DEBUG 16951 --- [    Test worker] org.hibernate.type.BasicTypeRegistry     : Adding type registration java.time.ZoneOffset -> org.hibernate.type.BasicTypeReference@1e721583
2023-02-02T21:33:38.823+09:00 DEBUG 16951 --- [    Test worker] org.hibernate.type.BasicTypeRegistry     : Adding type registration url -> org.hibernate.type.BasicTypeReference@79f5a6ed
2023-02-02T21:33:38.823+09:00 DEBUG 16951 --- [    Test worker] org.hibernate.type.BasicTypeRegistry     : Adding type registration java.net.URL -> org.hibernate.type.BasicTypeReference@79f5a6ed
2023-02-02T21:33:38.824+09:00 DEBUG 16951 --- [    Test worker] org.hibernate.type.BasicTypeRegistry     : Adding type registration row_version -> org.hibernate.type.BasicTypeReference@722787b5
2023-02-02T21:33:38.826+09:00 DEBUG 16951 --- [    Test worker] org.hibernate.type.BasicTypeRegistry     : Adding type registration dbtimestamp -> org.hibernate.type.DbTimestampType@28554ac8
2023-02-02T21:33:38.827+09:00 DEBUG 16951 --- [    Test worker] org.hibernate.type.BasicTypeRegistry     : Adding type registration dbtimestamp -> org.hibernate.type.DbTimestampType@28554ac8
2023-02-02T21:33:38.827+09:00 DEBUG 16951 --- [    Test worker] org.hibernate.type.BasicTypeRegistry     : Adding type registration object -> org.hibernate.type.JavaObjectType@64440065
2023-02-02T21:33:38.827+09:00 DEBUG 16951 --- [    Test worker] org.hibernate.type.BasicTypeRegistry     : Adding type registration java.lang.Object -> org.hibernate.type.JavaObjectType@64440065
2023-02-02T21:33:38.828+09:00 DEBUG 16951 --- [    Test worker] org.hibernate.type.BasicTypeRegistry     : Adding type registration null -> org.hibernate.type.NullType@f95d64d
2023-02-02T21:33:38.828+09:00 DEBUG 16951 --- [    Test worker] org.hibernate.type.BasicTypeRegistry     : Adding type registration imm_date -> org.hibernate.type.BasicTypeReference@288728e
2023-02-02T21:33:38.828+09:00 DEBUG 16951 --- [    Test worker] org.hibernate.type.BasicTypeRegistry     : Adding type registration imm_time -> org.hibernate.type.BasicTypeReference@b7d2d51
2023-02-02T21:33:38.828+09:00 DEBUG 16951 --- [    Test worker] org.hibernate.type.BasicTypeRegistry     : Adding type registration imm_timestamp -> org.hibernate.type.BasicTypeReference@641ed324
2023-02-02T21:33:38.828+09:00 DEBUG 16951 --- [    Test worker] org.hibernate.type.BasicTypeRegistry     : Adding type registration imm_calendar -> org.hibernate.type.BasicTypeReference@45984654
2023-02-02T21:33:38.828+09:00 DEBUG 16951 --- [    Test worker] org.hibernate.type.BasicTypeRegistry     : Adding type registration imm_calendar_date -> org.hibernate.type.BasicTypeReference@4c5406b
2023-02-02T21:33:38.828+09:00 DEBUG 16951 --- [    Test worker] org.hibernate.type.BasicTypeRegistry     : Adding type registration imm_calendar_time -> org.hibernate.type.BasicTypeReference@66b0e207
2023-02-02T21:33:38.828+09:00 DEBUG 16951 --- [    Test worker] org.hibernate.type.BasicTypeRegistry     : Adding type registration imm_binary -> org.hibernate.type.BasicTypeReference@74a58a06
2023-02-02T21:33:38.828+09:00 DEBUG 16951 --- [    Test worker] org.hibernate.type.BasicTypeRegistry     : Adding type registration imm_serializable -> org.hibernate.type.BasicTypeReference@7308c820
2023-02-02T21:33:38.843+09:00  INFO 16951 --- [    Test worker] com.zaxxer.hikari.HikariDataSource       : HikariPool-1 - Starting...
2023-02-02T21:33:38.989+09:00  INFO 16951 --- [    Test worker] com.zaxxer.hikari.pool.HikariPool        : HikariPool-1 - Added connection org.postgresql.jdbc.PgConnection@63a7781
2023-02-02T21:33:38.990+09:00  INFO 16951 --- [    Test worker] com.zaxxer.hikari.HikariDataSource       : HikariPool-1 - Start completed.
2023-02-02T21:33:39.021+09:00  INFO 16951 --- [    Test worker] SQL dialect                              : HHH000400: Using dialect: org.hibernate.dialect.PostgreSQLDialect
2023-02-02T21:33:39.034+09:00 DEBUG 16951 --- [    Test worker] o.h.t.d.sql.spi.DdlTypeRegistry          : addDescriptor(6, org.hibernate.type.descriptor.sql.internal.CapacityDependentDdlType@35e07e19) replaced previous registration(org.hibernate.type.descriptor.sql.internal.DdlTypeImpl@a1e912f)
2023-02-02T21:33:39.037+09:00 DEBUG 16951 --- [    Test worker] o.h.t.d.jdbc.spi.JdbcTypeRegistry        : addDescriptor(2004, BlobTypeDescriptor(BLOB_BINDING)) replaced previous registration(BlobTypeDescriptor(DEFAULT))
2023-02-02T21:33:39.037+09:00 DEBUG 16951 --- [    Test worker] o.h.t.d.jdbc.spi.JdbcTypeRegistry        : addDescriptor(2005, ClobTypeDescriptor(CLOB_BINDING)) replaced previous registration(ClobTypeDescriptor(DEFAULT))
2023-02-02T21:33:39.037+09:00 DEBUG 16951 --- [    Test worker] o.h.t.d.jdbc.spi.JdbcTypeRegistry        : addDescriptor(3003, TimestampUtcDescriptor) replaced previous registration(TimestampUtcDescriptor)
2023-02-02T21:33:39.038+09:00 DEBUG 16951 --- [    Test worker] org.hibernate.type.BasicTypeRegistry     : Adding type registration JAVA_OBJECT -> org.hibernate.type.JavaObjectType@7de6549d
2023-02-02T21:33:39.038+09:00 DEBUG 16951 --- [    Test worker] org.hibernate.type.BasicTypeRegistry     : Adding type registration java.lang.Object -> org.hibernate.type.JavaObjectType@7de6549d
2023-02-02T21:33:39.038+09:00 DEBUG 16951 --- [    Test worker] org.hibernate.type.BasicTypeRegistry     : Type registration key [java.lang.Object] overrode previous entry : `org.hibernate.type.JavaObjectType@64440065`
2023-02-02T21:33:39.040+09:00 DEBUG 16951 --- [    Test worker] org.hibernate.type.BasicTypeRegistry     : Adding type registration org.hibernate.type.OffsetDateTimeType -> basicType@1(java.time.OffsetDateTime,93)
2023-02-02T21:33:39.040+09:00 DEBUG 16951 --- [    Test worker] org.hibernate.type.BasicTypeRegistry     : Adding type registration OffsetDateTime -> basicType@1(java.time.OffsetDateTime,93)
2023-02-02T21:33:39.040+09:00 DEBUG 16951 --- [    Test worker] org.hibernate.type.BasicTypeRegistry     : Adding type registration java.time.OffsetDateTime -> basicType@1(java.time.OffsetDateTime,93)
2023-02-02T21:33:39.040+09:00 DEBUG 16951 --- [    Test worker] org.hibernate.type.BasicTypeRegistry     : Adding type registration org.hibernate.type.ZonedDateTimeType -> basicType@2(java.time.ZonedDateTime,93)
2023-02-02T21:33:39.040+09:00 DEBUG 16951 --- [    Test worker] org.hibernate.type.BasicTypeRegistry     : Adding type registration ZonedDateTime -> basicType@2(java.time.ZonedDateTime,93)
2023-02-02T21:33:39.040+09:00 DEBUG 16951 --- [    Test worker] org.hibernate.type.BasicTypeRegistry     : Adding type registration java.time.ZonedDateTime -> basicType@2(java.time.ZonedDateTime,93)
2023-02-02T21:33:39.041+09:00 DEBUG 16951 --- [    Test worker] o.h.type.spi.TypeConfiguration$Scope     : Scoping TypeConfiguration [org.hibernate.type.spi.TypeConfiguration@30af23fd] to MetadataBuildingContext [org.hibernate.boot.internal.MetadataBuildingContextRootImpl@65fc8edc]
2023-02-02T21:33:39.232+09:00 DEBUG 16951 --- [    Test worker] o.h.type.spi.TypeConfiguration$Scope     : Scoping TypeConfiguration [org.hibernate.type.spi.TypeConfiguration@30af23fd] to SessionFactoryImplementor [org.hibernate.internal.SessionFactoryImpl@614cd187]
Hibernate: 
    
    alter table if exists channel 
       drop constraint if exists FK1r5n9iejk0dcvbbfppiyybw37
Hibernate: 
    
    alter table if exists channel 
       drop constraint if exists FKr1qdiors90qbbxjif4afv9jrm
Hibernate: 
    
    alter table if exists mention 
       drop constraint if exists FK214fsv4nfak4fes8jx6rn496n
Hibernate: 
    
    alter table if exists mention 
       drop constraint if exists FKo202x26y01mifwv99cir13f7y
Hibernate: 
    
    alter table if exists mention 
       drop constraint if exists FK1m3696iabpsaxldhk6lw7gi7o
Hibernate: 
    
    alter table if exists mention 
       drop constraint if exists FK5cqvsli2l8asip4789wcp1ia7
Hibernate: 
    
    alter table if exists thread 
       drop constraint if exists FKkmbvsq5pvoas5r6vx1j6362pf
Hibernate: 
    
    alter table if exists thread 
       drop constraint if exists FKa9w1efgrewcehty1gfdyqxs4x
Hibernate: 
    
    alter table if exists thread 
       drop constraint if exists FK49let3fn5c9tn4c4hmj06kth3
Hibernate: 
    
    alter table if exists user_channel 
       drop constraint if exists FKjvn2jdaho89qhua2nxj8firph
Hibernate: 
    
    alter table if exists user_channel 
       drop constraint if exists FKspsusldw9osygm0h5bjyafsni
Hibernate: 
    
    drop table if exists channel cascade
Hibernate: 
    
    drop table if exists mention cascade
Hibernate: 
    
    drop table if exists thread cascade
Hibernate: 
    
    drop table if exists user_channel cascade
Hibernate: 
    
    drop table if exists users cascade
Hibernate: 
    
    create table channel (
       id bigserial not null,
        created_at timestamp(6),
        modified_at timestamp(6),
        name varchar(255),
        type varchar(255),
        created_by_id bigint,
        modified_by_id bigint,
        primary key (id)
    )
Hibernate: 
    
    create table mention (
       thread_id bigint not null,
        user_id bigint not null,
        created_at timestamp(6),
        modified_at timestamp(6),
        created_by_id bigint,
        modified_by_id bigint,
        primary key (thread_id, user_id)
    )
Hibernate: 
    
    create table thread (
       id bigserial not null,
        created_at timestamp(6),
        modified_at timestamp(6),
        message varchar(500),
        created_by_id bigint,
        modified_by_id bigint,
        channel_id bigint,
        primary key (id)
    )
Hibernate: 
    
    create table user_channel (
       channel_id bigint not null,
        user_id bigint not null,
        primary key (channel_id, user_id)
    )
Hibernate: 
    
    create table users (
       id bigserial not null,
        city varchar(255),
        state varchar(255),
        home_street varchar(255),
        zip_code varchar(255),
        password varchar(25),
        username varchar(25),
        primary key (id)
    )
Hibernate: 
    
    alter table if exists channel 
       add constraint FK1r5n9iejk0dcvbbfppiyybw37 
       foreign key (created_by_id) 
       references users
Hibernate: 
    
    alter table if exists channel 
       add constraint FKr1qdiors90qbbxjif4afv9jrm 
       foreign key (modified_by_id) 
       references users
Hibernate: 
    
    alter table if exists mention 
       add constraint FK214fsv4nfak4fes8jx6rn496n 
       foreign key (thread_id) 
       references thread
Hibernate: 
    
    alter table if exists mention 
       add constraint FKo202x26y01mifwv99cir13f7y 
       foreign key (user_id) 
       references users
Hibernate: 
    
    alter table if exists mention 
       add constraint FK1m3696iabpsaxldhk6lw7gi7o 
       foreign key (created_by_id) 
       references users
Hibernate: 
    
    alter table if exists mention 
       add constraint FK5cqvsli2l8asip4789wcp1ia7 
       foreign key (modified_by_id) 
       references users
Hibernate: 
    
    alter table if exists thread 
       add constraint FKkmbvsq5pvoas5r6vx1j6362pf 
       foreign key (created_by_id) 
       references users
Hibernate: 
    
    alter table if exists thread 
       add constraint FKa9w1efgrewcehty1gfdyqxs4x 
       foreign key (modified_by_id) 
       references users
Hibernate: 
    
    alter table if exists thread 
       add constraint FK49let3fn5c9tn4c4hmj06kth3 
       foreign key (channel_id) 
       references channel
Hibernate: 
    
    alter table if exists user_channel 
       add constraint FKjvn2jdaho89qhua2nxj8firph 
       foreign key (channel_id) 
       references channel
Hibernate: 
    
    alter table if exists user_channel 
       add constraint FKspsusldw9osygm0h5bjyafsni 
       foreign key (user_id) 
       references users
2023-02-02T21:33:39.550+09:00  INFO 16951 --- [    Test worker] o.h.e.t.j.p.i.JtaPlatformInitiator       : HHH000490: Using JtaPlatform implementation: [org.hibernate.engine.transaction.jta.platform.internal.NoJtaPlatform]
2023-02-02T21:33:39.553+09:00 TRACE 16951 --- [    Test worker] o.h.type.spi.TypeConfiguration$Scope     : Handling #sessionFactoryCreated from [org.hibernate.internal.SessionFactoryImpl@614cd187] for TypeConfiguration
2023-02-02T21:33:39.554+09:00  INFO 16951 --- [    Test worker] j.LocalContainerEntityManagerFactoryBean : Initialized JPA EntityManagerFactory for persistence unit 'default'
2023-02-02T21:33:39.905+09:00  WARN 16951 --- [    Test worker] JpaBaseConfiguration$JpaWebConfiguration : spring.jpa.open-in-view is enabled by default. Therefore, database queries may be performed during view rendering. Explicitly configure spring.jpa.open-in-view to disable this warning
2023-02-02T21:33:40.278+09:00  WARN 16951 --- [    Test worker] .s.s.UserDetailsServiceAutoConfiguration : 

Using generated security password: d45a70c2-0a5c-4f6e-9218-08c741b14916

This generated password is for development use only. Your security configuration must be updated before running your application in production.

2023-02-02T21:33:40.326+09:00  INFO 16951 --- [    Test worker] o.s.s.web.DefaultSecurityFilterChain     : Will secure any request with [org.springframework.security.web.session.DisableEncodeUrlFilter@745c25ed, org.springframework.security.web.context.request.async.WebAsyncManagerIntegrationFilter@4fb1bffd, org.springframework.security.web.context.SecurityContextHolderFilter@2ce7d43, org.springframework.security.web.header.HeaderWriterFilter@5d8de155, org.springframework.security.web.csrf.CsrfFilter@28ec92c9, org.springframework.security.web.authentication.logout.LogoutFilter@361a1e86, org.springframework.security.web.authentication.UsernamePasswordAuthenticationFilter@f4e235e, org.springframework.security.web.authentication.ui.DefaultLoginPageGeneratingFilter@46a5aff, org.springframework.security.web.authentication.ui.DefaultLogoutPageGeneratingFilter@427c9a13, org.springframework.security.web.authentication.www.BasicAuthenticationFilter@3f808ad9, org.springframework.security.web.savedrequest.RequestCacheAwareFilter@1ca55d5, org.springframework.security.web.servletapi.SecurityContextHolderAwareRequestFilter@4e09c3b0, org.springframework.security.web.authentication.AnonymousAuthenticationFilter@7b842e79, org.springframework.security.web.access.ExceptionTranslationFilter@67c2ff5d, org.springframework.security.web.access.intercept.AuthorizationFilter@23b62cc3]
2023-02-02T21:33:40.350+09:00  INFO 16951 --- [    Test worker] j.p.channel.ChannelRepositoryTest        : Started ChannelRepositoryTest in 2.36 seconds (process running for 2.875)
Hibernate: 
    insert 
    into
        users
        (city, state, home_street, zip_code, password, username) 
    values
        (?, ?, ?, ?, ?, ?)
Hibernate: 
    insert 
    into
        channel
        (created_at, created_by_id, modified_at, modified_by_id, name, type) 
    values
        (?, ?, ?, ?, ?, ?)
Hibernate: 
    update
        channel 
    set
        created_at=?,
        created_by_id=?,
        modified_at=?,
        modified_by_id=?,
        name=?,
        type=? 
    where
        id=?
]]></system-out>
  <system-err><![CDATA[]]></system-err>
</testsuite>
