<?xml version="1.0" encoding="UTF-8"?>
<testsuite name="jpa.pricehoon.thread.ThreadRepositoryTest" tests="1" skipped="0" failures="0" errors="0" timestamp="2023-01-31T16:59:44" hostname="bagsanghun-ui-MacBookPro.local" time="0.144">
  <properties/>
  <testcase name="insertThread()" classname="jpa.pricehoon.thread.ThreadRepositoryTest" time="0.144"/>
  <system-out><![CDATA[01:59:42.806 [Test worker] DEBUG org.springframework.boot.test.context.SpringBootTestContextBootstrapper - Neither @ContextConfiguration nor @ContextHierarchy found for test class [ThreadRepositoryTest]: using SpringBootContextLoader
01:59:42.808 [Test worker] DEBUG org.springframework.test.context.support.AbstractContextLoader - Could not detect default resource locations for test class [jpa.pricehoon.thread.ThreadRepositoryTest]: no resource found for suffixes {-context.xml, Context.groovy}.
01:59:42.808 [Test worker] INFO org.springframework.test.context.support.AnnotationConfigContextLoaderUtils - Could not detect default configuration classes for test class [jpa.pricehoon.thread.ThreadRepositoryTest]: ThreadRepositoryTest does not declare any static, non-private, non-final, nested classes annotated with @Configuration.
01:59:42.820 [Test worker] DEBUG org.springframework.boot.test.context.SpringBootTestContextBootstrapper - Using ContextCustomizers for test class [ThreadRepositoryTest]: [DisableObservabilityContextCustomizer, PropertyMappingContextCustomizer, Customizer, ExcludeFilterContextCustomizer, DuplicateJsonObjectContextCustomizer, MockitoContextCustomizer, TestRestTemplateContextCustomizer]
01:59:42.852 [Test worker] DEBUG org.springframework.context.annotation.ClassPathScanningCandidateComponentProvider - Identified candidate component class: file [/Users/bagsanghun/javaWorkspace/jpa/build/classes/java/main/jpa/pricehoon/Application.class]
01:59:42.853 [Test worker] INFO org.springframework.boot.test.context.SpringBootTestContextBootstrapper - Found @SpringBootConfiguration jpa.pricehoon.Application for test class jpa.pricehoon.thread.ThreadRepositoryTest
01:59:42.912 [Test worker] DEBUG org.springframework.boot.test.context.SpringBootTestContextBootstrapper - Using TestExecutionListeners for test class [ThreadRepositoryTest]: [ServletTestExecutionListener, DirtiesContextBeforeModesTestExecutionListener, ApplicationEventsTestExecutionListener, MockitoTestExecutionListener, DependencyInjectionTestExecutionListener, DirtiesContextTestExecutionListener, TransactionalTestExecutionListener, SqlScriptsTestExecutionListener, EventPublishingTestExecutionListener, RestDocsTestExecutionListener, MockRestServiceServerResetTestExecutionListener, MockMvcPrintOnlyOnFailureTestExecutionListener, WebDriverTestExecutionListener, MockWebServiceServerTestExecutionListener, ResetMocksTestExecutionListener]
01:59:42.913 [Test worker] DEBUG org.springframework.test.context.support.AbstractDirtiesContextTestExecutionListener - Before test class: class [ThreadRepositoryTest], class annotated with @DirtiesContext [false] with mode [null]

  .   ____          _            __ _ _
 /\\ / ___'_ __ _ _(_)_ __  __ _ \ \ \ \
( ( )\___ | '_ | '_| | '_ \/ _` | \ \ \ \
 \\/  ___)| |_)| | | | | || (_| |  ) ) ) )
  '  |____| .__|_| |_|_| |_\__, | / / / /
 =========|_|==============|___/=/_/_/_/
 :: Spring Boot ::                (v3.0.1)

2023-02-01T01:59:43.076+09:00  INFO 44814 --- [    Test worker] j.pricehoon.thread.ThreadRepositoryTest  : Starting ThreadRepositoryTest using Java 17.0.5 with PID 44814 (started by bagsanghun in /Users/bagsanghun/javaWorkspace/jpa)
2023-02-01T01:59:43.077+09:00  INFO 44814 --- [    Test worker] j.pricehoon.thread.ThreadRepositoryTest  : No active profile set, falling back to 1 default profile: "default"
2023-02-01T01:59:43.355+09:00  INFO 44814 --- [    Test worker] .s.d.r.c.RepositoryConfigurationDelegate : Bootstrapping Spring Data JPA repositories in DEFAULT mode.
2023-02-01T01:59:43.366+09:00  INFO 44814 --- [    Test worker] .s.d.r.c.RepositoryConfigurationDelegate : Finished Spring Data repository scanning in 7 ms. Found 0 JPA repository interfaces.
2023-02-01T01:59:43.395+09:00  WARN 44814 --- [    Test worker] o.m.s.mapper.ClassPathMapperScanner      : No MyBatis mapper was found in '[jpa.pricehoon.mapper.*]' package. Please check your configuration.
2023-02-01T01:59:43.551+09:00  INFO 44814 --- [    Test worker] o.hibernate.jpa.internal.util.LogHelper  : HHH000204: Processing PersistenceUnitInfo [name: default]
2023-02-01T01:59:43.576+09:00  INFO 44814 --- [    Test worker] org.hibernate.Version                    : HHH000412: Hibernate ORM core version 6.1.6.Final
2023-02-01T01:59:43.655+09:00  WARN 44814 --- [    Test worker] org.hibernate.orm.deprecation            : HHH90000021: Encountered deprecated setting [javax.persistence.sharedCache.mode], use [jakarta.persistence.sharedCache.mode] instead
2023-02-01T01:59:43.681+09:00 DEBUG 44814 --- [    Test worker] o.h.t.d.jdbc.spi.JdbcTypeRegistry        : addDescriptor(FloatTypeDescriptor) replaced previous registration(DoubleTypeDescriptor)
2023-02-01T01:59:43.685+09:00 DEBUG 44814 --- [    Test worker] org.hibernate.type.BasicTypeRegistry     : Adding type registration boolean -> org.hibernate.type.BasicTypeReference@24d8f87a
2023-02-01T01:59:43.685+09:00 DEBUG 44814 --- [    Test worker] org.hibernate.type.BasicTypeRegistry     : Adding type registration boolean -> org.hibernate.type.BasicTypeReference@24d8f87a
2023-02-01T01:59:43.685+09:00 DEBUG 44814 --- [    Test worker] org.hibernate.type.BasicTypeRegistry     : Adding type registration java.lang.Boolean -> org.hibernate.type.BasicTypeReference@24d8f87a
2023-02-01T01:59:43.685+09:00 DEBUG 44814 --- [    Test worker] org.hibernate.type.BasicTypeRegistry     : Adding type registration numeric_boolean -> org.hibernate.type.BasicTypeReference@3f048c86
2023-02-01T01:59:43.685+09:00 DEBUG 44814 --- [    Test worker] org.hibernate.type.BasicTypeRegistry     : Adding type registration org.hibernate.type.NumericBooleanConverter -> org.hibernate.type.BasicTypeReference@3f048c86
2023-02-01T01:59:43.685+09:00 DEBUG 44814 --- [    Test worker] org.hibernate.type.BasicTypeRegistry     : Adding type registration true_false -> org.hibernate.type.BasicTypeReference@255d9277
2023-02-01T01:59:43.685+09:00 DEBUG 44814 --- [    Test worker] org.hibernate.type.BasicTypeRegistry     : Adding type registration org.hibernate.type.TrueFalseConverter -> org.hibernate.type.BasicTypeReference@255d9277
2023-02-01T01:59:43.685+09:00 DEBUG 44814 --- [    Test worker] org.hibernate.type.BasicTypeRegistry     : Adding type registration yes_no -> org.hibernate.type.BasicTypeReference@1de13f34
2023-02-01T01:59:43.685+09:00 DEBUG 44814 --- [    Test worker] org.hibernate.type.BasicTypeRegistry     : Adding type registration org.hibernate.type.YesNoConverter -> org.hibernate.type.BasicTypeReference@1de13f34
2023-02-01T01:59:43.685+09:00 DEBUG 44814 --- [    Test worker] org.hibernate.type.BasicTypeRegistry     : Adding type registration byte -> org.hibernate.type.BasicTypeReference@7e191fda
2023-02-01T01:59:43.685+09:00 DEBUG 44814 --- [    Test worker] org.hibernate.type.BasicTypeRegistry     : Adding type registration byte -> org.hibernate.type.BasicTypeReference@7e191fda
2023-02-01T01:59:43.686+09:00 DEBUG 44814 --- [    Test worker] org.hibernate.type.BasicTypeRegistry     : Adding type registration java.lang.Byte -> org.hibernate.type.BasicTypeReference@7e191fda
2023-02-01T01:59:43.686+09:00 DEBUG 44814 --- [    Test worker] org.hibernate.type.BasicTypeRegistry     : Adding type registration binary -> org.hibernate.type.BasicTypeReference@3869a6e5
2023-02-01T01:59:43.686+09:00 DEBUG 44814 --- [    Test worker] org.hibernate.type.BasicTypeRegistry     : Adding type registration byte[] -> org.hibernate.type.BasicTypeReference@3869a6e5
2023-02-01T01:59:43.686+09:00 DEBUG 44814 --- [    Test worker] org.hibernate.type.BasicTypeRegistry     : Adding type registration [B -> org.hibernate.type.BasicTypeReference@3869a6e5
2023-02-01T01:59:43.686+09:00 DEBUG 44814 --- [    Test worker] org.hibernate.type.BasicTypeRegistry     : Adding type registration binary_wrapper -> org.hibernate.type.BasicTypeReference@e3899fd
2023-02-01T01:59:43.686+09:00 DEBUG 44814 --- [    Test worker] org.hibernate.type.BasicTypeRegistry     : Adding type registration wrapper-binary -> org.hibernate.type.BasicTypeReference@e3899fd
2023-02-01T01:59:43.686+09:00 DEBUG 44814 --- [    Test worker] org.hibernate.type.BasicTypeRegistry     : Adding type registration Byte[] -> org.hibernate.type.BasicTypeReference@e3899fd
2023-02-01T01:59:43.686+09:00 DEBUG 44814 --- [    Test worker] org.hibernate.type.BasicTypeRegistry     : Adding type registration [Ljava.lang.Byte; -> org.hibernate.type.BasicTypeReference@e3899fd
2023-02-01T01:59:43.686+09:00 DEBUG 44814 --- [    Test worker] org.hibernate.type.BasicTypeRegistry     : Adding type registration image -> org.hibernate.type.BasicTypeReference@7d484fcd
2023-02-01T01:59:43.686+09:00 DEBUG 44814 --- [    Test worker] org.hibernate.type.BasicTypeRegistry     : Adding type registration blob -> org.hibernate.type.BasicTypeReference@788e3702
2023-02-01T01:59:43.686+09:00 DEBUG 44814 --- [    Test worker] org.hibernate.type.BasicTypeRegistry     : Adding type registration java.sql.Blob -> org.hibernate.type.BasicTypeReference@788e3702
2023-02-01T01:59:43.686+09:00 DEBUG 44814 --- [    Test worker] org.hibernate.type.BasicTypeRegistry     : Adding type registration materialized_blob -> org.hibernate.type.BasicTypeReference@d25e878
2023-02-01T01:59:43.686+09:00 DEBUG 44814 --- [    Test worker] org.hibernate.type.BasicTypeRegistry     : Adding type registration materialized_blob_wrapper -> org.hibernate.type.BasicTypeReference@47187f50
2023-02-01T01:59:43.686+09:00 DEBUG 44814 --- [    Test worker] org.hibernate.type.BasicTypeRegistry     : Adding type registration short -> org.hibernate.type.BasicTypeReference@78116659
2023-02-01T01:59:43.686+09:00 DEBUG 44814 --- [    Test worker] org.hibernate.type.BasicTypeRegistry     : Adding type registration short -> org.hibernate.type.BasicTypeReference@78116659
2023-02-01T01:59:43.686+09:00 DEBUG 44814 --- [    Test worker] org.hibernate.type.BasicTypeRegistry     : Adding type registration java.lang.Short -> org.hibernate.type.BasicTypeReference@78116659
2023-02-01T01:59:43.686+09:00 DEBUG 44814 --- [    Test worker] org.hibernate.type.BasicTypeRegistry     : Adding type registration integer -> org.hibernate.type.BasicTypeReference@712e787e
2023-02-01T01:59:43.687+09:00 DEBUG 44814 --- [    Test worker] org.hibernate.type.BasicTypeRegistry     : Adding type registration int -> org.hibernate.type.BasicTypeReference@712e787e
2023-02-01T01:59:43.687+09:00 DEBUG 44814 --- [    Test worker] org.hibernate.type.BasicTypeRegistry     : Adding type registration java.lang.Integer -> org.hibernate.type.BasicTypeReference@712e787e
2023-02-01T01:59:43.687+09:00 DEBUG 44814 --- [    Test worker] org.hibernate.type.BasicTypeRegistry     : Adding type registration long -> org.hibernate.type.BasicTypeReference@53ea380b
2023-02-01T01:59:43.687+09:00 DEBUG 44814 --- [    Test worker] org.hibernate.type.BasicTypeRegistry     : Adding type registration long -> org.hibernate.type.BasicTypeReference@53ea380b
2023-02-01T01:59:43.687+09:00 DEBUG 44814 --- [    Test worker] org.hibernate.type.BasicTypeRegistry     : Adding type registration java.lang.Long -> org.hibernate.type.BasicTypeReference@53ea380b
2023-02-01T01:59:43.687+09:00 DEBUG 44814 --- [    Test worker] org.hibernate.type.BasicTypeRegistry     : Adding type registration float -> org.hibernate.type.BasicTypeReference@578c3fd9
2023-02-01T01:59:43.687+09:00 DEBUG 44814 --- [    Test worker] org.hibernate.type.BasicTypeRegistry     : Adding type registration float -> org.hibernate.type.BasicTypeReference@578c3fd9
2023-02-01T01:59:43.687+09:00 DEBUG 44814 --- [    Test worker] org.hibernate.type.BasicTypeRegistry     : Adding type registration java.lang.Float -> org.hibernate.type.BasicTypeReference@578c3fd9
2023-02-01T01:59:43.687+09:00 DEBUG 44814 --- [    Test worker] org.hibernate.type.BasicTypeRegistry     : Adding type registration double -> org.hibernate.type.BasicTypeReference@245cb8df
2023-02-01T01:59:43.687+09:00 DEBUG 44814 --- [    Test worker] org.hibernate.type.BasicTypeRegistry     : Adding type registration double -> org.hibernate.type.BasicTypeReference@245cb8df
2023-02-01T01:59:43.687+09:00 DEBUG 44814 --- [    Test worker] org.hibernate.type.BasicTypeRegistry     : Adding type registration java.lang.Double -> org.hibernate.type.BasicTypeReference@245cb8df
2023-02-01T01:59:43.687+09:00 DEBUG 44814 --- [    Test worker] org.hibernate.type.BasicTypeRegistry     : Adding type registration big_integer -> org.hibernate.type.BasicTypeReference@26b3c9a2
2023-02-01T01:59:43.687+09:00 DEBUG 44814 --- [    Test worker] org.hibernate.type.BasicTypeRegistry     : Adding type registration java.math.BigInteger -> org.hibernate.type.BasicTypeReference@26b3c9a2
2023-02-01T01:59:43.687+09:00 DEBUG 44814 --- [    Test worker] org.hibernate.type.BasicTypeRegistry     : Adding type registration big_decimal -> org.hibernate.type.BasicTypeReference@241b971f
2023-02-01T01:59:43.687+09:00 DEBUG 44814 --- [    Test worker] org.hibernate.type.BasicTypeRegistry     : Adding type registration java.math.BigDecimal -> org.hibernate.type.BasicTypeReference@241b971f
2023-02-01T01:59:43.687+09:00 DEBUG 44814 --- [    Test worker] org.hibernate.type.BasicTypeRegistry     : Adding type registration character -> org.hibernate.type.BasicTypeReference@125f16b2
2023-02-01T01:59:43.688+09:00 DEBUG 44814 --- [    Test worker] org.hibernate.type.BasicTypeRegistry     : Adding type registration char -> org.hibernate.type.BasicTypeReference@125f16b2
2023-02-01T01:59:43.688+09:00 DEBUG 44814 --- [    Test worker] org.hibernate.type.BasicTypeRegistry     : Adding type registration java.lang.Character -> org.hibernate.type.BasicTypeReference@125f16b2
2023-02-01T01:59:43.688+09:00 DEBUG 44814 --- [    Test worker] org.hibernate.type.BasicTypeRegistry     : Adding type registration character_nchar -> org.hibernate.type.BasicTypeReference@5384ce66
2023-02-01T01:59:43.688+09:00 DEBUG 44814 --- [    Test worker] org.hibernate.type.BasicTypeRegistry     : Adding type registration string -> org.hibernate.type.BasicTypeReference@6b42e36d
2023-02-01T01:59:43.688+09:00 DEBUG 44814 --- [    Test worker] org.hibernate.type.BasicTypeRegistry     : Adding type registration java.lang.String -> org.hibernate.type.BasicTypeReference@6b42e36d
2023-02-01T01:59:43.688+09:00 DEBUG 44814 --- [    Test worker] org.hibernate.type.BasicTypeRegistry     : Adding type registration nstring -> org.hibernate.type.BasicTypeReference@13192275
2023-02-01T01:59:43.688+09:00 DEBUG 44814 --- [    Test worker] org.hibernate.type.BasicTypeRegistry     : Adding type registration characters -> org.hibernate.type.BasicTypeReference@79195c22
2023-02-01T01:59:43.688+09:00 DEBUG 44814 --- [    Test worker] org.hibernate.type.BasicTypeRegistry     : Adding type registration char[] -> org.hibernate.type.BasicTypeReference@79195c22
2023-02-01T01:59:43.688+09:00 DEBUG 44814 --- [    Test worker] org.hibernate.type.BasicTypeRegistry     : Adding type registration [C -> org.hibernate.type.BasicTypeReference@79195c22
2023-02-01T01:59:43.688+09:00 DEBUG 44814 --- [    Test worker] org.hibernate.type.BasicTypeRegistry     : Adding type registration wrapper-characters -> org.hibernate.type.BasicTypeReference@c9b5a99
2023-02-01T01:59:43.688+09:00 DEBUG 44814 --- [    Test worker] org.hibernate.type.BasicTypeRegistry     : Adding type registration [Ljava.lang.Character; -> org.hibernate.type.BasicTypeReference@c9b5a99
2023-02-01T01:59:43.688+09:00 DEBUG 44814 --- [    Test worker] org.hibernate.type.BasicTypeRegistry     : Adding type registration Character[] -> org.hibernate.type.BasicTypeReference@c9b5a99
2023-02-01T01:59:43.688+09:00 DEBUG 44814 --- [    Test worker] org.hibernate.type.BasicTypeRegistry     : Adding type registration text -> org.hibernate.type.BasicTypeReference@70be89ec
2023-02-01T01:59:43.688+09:00 DEBUG 44814 --- [    Test worker] org.hibernate.type.BasicTypeRegistry     : Adding type registration ntext -> org.hibernate.type.BasicTypeReference@2aee0704
2023-02-01T01:59:43.688+09:00 DEBUG 44814 --- [    Test worker] org.hibernate.type.BasicTypeRegistry     : Adding type registration clob -> org.hibernate.type.BasicTypeReference@19a5b637
2023-02-01T01:59:43.688+09:00 DEBUG 44814 --- [    Test worker] org.hibernate.type.BasicTypeRegistry     : Adding type registration java.sql.Clob -> org.hibernate.type.BasicTypeReference@19a5b637
2023-02-01T01:59:43.688+09:00 DEBUG 44814 --- [    Test worker] org.hibernate.type.BasicTypeRegistry     : Adding type registration nclob -> org.hibernate.type.BasicTypeReference@4f3c7808
2023-02-01T01:59:43.688+09:00 DEBUG 44814 --- [    Test worker] org.hibernate.type.BasicTypeRegistry     : Adding type registration java.sql.NClob -> org.hibernate.type.BasicTypeReference@4f3c7808
2023-02-01T01:59:43.688+09:00 DEBUG 44814 --- [    Test worker] org.hibernate.type.BasicTypeRegistry     : Adding type registration materialized_clob -> org.hibernate.type.BasicTypeReference@4b4969ea
2023-02-01T01:59:43.688+09:00 DEBUG 44814 --- [    Test worker] org.hibernate.type.BasicTypeRegistry     : Adding type registration materialized_clob_char_array -> org.hibernate.type.BasicTypeReference@11c581a0
2023-02-01T01:59:43.689+09:00 DEBUG 44814 --- [    Test worker] org.hibernate.type.BasicTypeRegistry     : Adding type registration materialized_clob_character_array -> org.hibernate.type.BasicTypeReference@256589a1
2023-02-01T01:59:43.689+09:00 DEBUG 44814 --- [    Test worker] org.hibernate.type.BasicTypeRegistry     : Adding type registration materialized_nclob -> org.hibernate.type.BasicTypeReference@935493d
2023-02-01T01:59:43.689+09:00 DEBUG 44814 --- [    Test worker] org.hibernate.type.BasicTypeRegistry     : Adding type registration materialized_nclob_character_array -> org.hibernate.type.BasicTypeReference@9b367c8
2023-02-01T01:59:43.689+09:00 DEBUG 44814 --- [    Test worker] org.hibernate.type.BasicTypeRegistry     : Adding type registration materialized_nclob_char_array -> org.hibernate.type.BasicTypeReference@34c62fdf
2023-02-01T01:59:43.689+09:00 DEBUG 44814 --- [    Test worker] org.hibernate.type.BasicTypeRegistry     : Adding type registration Duration -> org.hibernate.type.BasicTypeReference@3de79067
2023-02-01T01:59:43.689+09:00 DEBUG 44814 --- [    Test worker] org.hibernate.type.BasicTypeRegistry     : Adding type registration java.time.Duration -> org.hibernate.type.BasicTypeReference@3de79067
2023-02-01T01:59:43.689+09:00 DEBUG 44814 --- [    Test worker] org.hibernate.type.BasicTypeRegistry     : Adding type registration LocalDateTime -> org.hibernate.type.BasicTypeReference@1eb85a47
2023-02-01T01:59:43.689+09:00 DEBUG 44814 --- [    Test worker] org.hibernate.type.BasicTypeRegistry     : Adding type registration java.time.LocalDateTime -> org.hibernate.type.BasicTypeReference@1eb85a47
2023-02-01T01:59:43.689+09:00 DEBUG 44814 --- [    Test worker] org.hibernate.type.BasicTypeRegistry     : Adding type registration LocalDate -> org.hibernate.type.BasicTypeReference@ca7e37f
2023-02-01T01:59:43.689+09:00 DEBUG 44814 --- [    Test worker] org.hibernate.type.BasicTypeRegistry     : Adding type registration java.time.LocalDate -> org.hibernate.type.BasicTypeReference@ca7e37f
2023-02-01T01:59:43.689+09:00 DEBUG 44814 --- [    Test worker] org.hibernate.type.BasicTypeRegistry     : Adding type registration LocalTime -> org.hibernate.type.BasicTypeReference@99a8de3
2023-02-01T01:59:43.689+09:00 DEBUG 44814 --- [    Test worker] org.hibernate.type.BasicTypeRegistry     : Adding type registration java.time.LocalTime -> org.hibernate.type.BasicTypeReference@99a8de3
2023-02-01T01:59:43.689+09:00 DEBUG 44814 --- [    Test worker] org.hibernate.type.BasicTypeRegistry     : Adding type registration OffsetDateTime -> org.hibernate.type.BasicTypeReference@87f501f
2023-02-01T01:59:43.689+09:00 DEBUG 44814 --- [    Test worker] org.hibernate.type.BasicTypeRegistry     : Adding type registration java.time.OffsetDateTime -> org.hibernate.type.BasicTypeReference@87f501f
2023-02-01T01:59:43.689+09:00 DEBUG 44814 --- [    Test worker] org.hibernate.type.BasicTypeRegistry     : Adding type registration OffsetDateTimeWithTimezone -> org.hibernate.type.BasicTypeReference@54495935
2023-02-01T01:59:43.689+09:00 DEBUG 44814 --- [    Test worker] org.hibernate.type.BasicTypeRegistry     : Adding type registration OffsetDateTimeWithoutTimezone -> org.hibernate.type.BasicTypeReference@67c6f4d8
2023-02-01T01:59:43.689+09:00 DEBUG 44814 --- [    Test worker] org.hibernate.type.BasicTypeRegistry     : Adding type registration OffsetTime -> org.hibernate.type.BasicTypeReference@3a6e9856
2023-02-01T01:59:43.689+09:00 DEBUG 44814 --- [    Test worker] org.hibernate.type.BasicTypeRegistry     : Adding type registration java.time.OffsetTime -> org.hibernate.type.BasicTypeReference@3a6e9856
2023-02-01T01:59:43.689+09:00 DEBUG 44814 --- [    Test worker] org.hibernate.type.BasicTypeRegistry     : Adding type registration ZonedDateTime -> org.hibernate.type.BasicTypeReference@4863c8ac
2023-02-01T01:59:43.689+09:00 DEBUG 44814 --- [    Test worker] org.hibernate.type.BasicTypeRegistry     : Adding type registration java.time.ZonedDateTime -> org.hibernate.type.BasicTypeReference@4863c8ac
2023-02-01T01:59:43.689+09:00 DEBUG 44814 --- [    Test worker] org.hibernate.type.BasicTypeRegistry     : Adding type registration ZonedDateTimeWithTimezone -> org.hibernate.type.BasicTypeReference@56fda064
2023-02-01T01:59:43.689+09:00 DEBUG 44814 --- [    Test worker] org.hibernate.type.BasicTypeRegistry     : Adding type registration ZonedDateTimeWithoutTimezone -> org.hibernate.type.BasicTypeReference@6cdee57
2023-02-01T01:59:43.690+09:00 DEBUG 44814 --- [    Test worker] org.hibernate.type.BasicTypeRegistry     : Adding type registration date -> org.hibernate.type.BasicTypeReference@482f7af0
2023-02-01T01:59:43.690+09:00 DEBUG 44814 --- [    Test worker] org.hibernate.type.BasicTypeRegistry     : Adding type registration java.sql.Date -> org.hibernate.type.BasicTypeReference@482f7af0
2023-02-01T01:59:43.690+09:00 DEBUG 44814 --- [    Test worker] org.hibernate.type.BasicTypeRegistry     : Adding type registration time -> org.hibernate.type.BasicTypeReference@1edfedf1
2023-02-01T01:59:43.690+09:00 DEBUG 44814 --- [    Test worker] org.hibernate.type.BasicTypeRegistry     : Adding type registration java.sql.Time -> org.hibernate.type.BasicTypeReference@1edfedf1
2023-02-01T01:59:43.690+09:00 DEBUG 44814 --- [    Test worker] org.hibernate.type.BasicTypeRegistry     : Adding type registration timestamp -> org.hibernate.type.BasicTypeReference@251a90ce
2023-02-01T01:59:43.690+09:00 DEBUG 44814 --- [    Test worker] org.hibernate.type.BasicTypeRegistry     : Adding type registration java.sql.Timestamp -> org.hibernate.type.BasicTypeReference@251a90ce
2023-02-01T01:59:43.690+09:00 DEBUG 44814 --- [    Test worker] org.hibernate.type.BasicTypeRegistry     : Adding type registration java.util.Date -> org.hibernate.type.BasicTypeReference@251a90ce
2023-02-01T01:59:43.690+09:00 DEBUG 44814 --- [    Test worker] org.hibernate.type.BasicTypeRegistry     : Adding type registration calendar -> org.hibernate.type.BasicTypeReference@4c4c7d6c
2023-02-01T01:59:43.690+09:00 DEBUG 44814 --- [    Test worker] org.hibernate.type.BasicTypeRegistry     : Adding type registration java.util.Calendar -> org.hibernate.type.BasicTypeReference@4c4c7d6c
2023-02-01T01:59:43.690+09:00 DEBUG 44814 --- [    Test worker] org.hibernate.type.BasicTypeRegistry     : Adding type registration java.util.GregorianCalendar -> org.hibernate.type.BasicTypeReference@4c4c7d6c
2023-02-01T01:59:43.690+09:00 DEBUG 44814 --- [    Test worker] org.hibernate.type.BasicTypeRegistry     : Adding type registration calendar_date -> org.hibernate.type.BasicTypeReference@7f0766ef
2023-02-01T01:59:43.690+09:00 DEBUG 44814 --- [    Test worker] org.hibernate.type.BasicTypeRegistry     : Adding type registration calendar_time -> org.hibernate.type.BasicTypeReference@1e56bc9b
2023-02-01T01:59:43.690+09:00 DEBUG 44814 --- [    Test worker] org.hibernate.type.BasicTypeRegistry     : Adding type registration instant -> org.hibernate.type.BasicTypeReference@6f3bd37f
2023-02-01T01:59:43.690+09:00 DEBUG 44814 --- [    Test worker] org.hibernate.type.BasicTypeRegistry     : Adding type registration java.time.Instant -> org.hibernate.type.BasicTypeReference@6f3bd37f
2023-02-01T01:59:43.690+09:00 DEBUG 44814 --- [    Test worker] org.hibernate.type.BasicTypeRegistry     : Adding type registration uuid -> org.hibernate.type.BasicTypeReference@403364e9
2023-02-01T01:59:43.690+09:00 DEBUG 44814 --- [    Test worker] org.hibernate.type.BasicTypeRegistry     : Adding type registration java.util.UUID -> org.hibernate.type.BasicTypeReference@403364e9
2023-02-01T01:59:43.690+09:00 DEBUG 44814 --- [    Test worker] org.hibernate.type.BasicTypeRegistry     : Adding type registration pg-uuid -> org.hibernate.type.BasicTypeReference@403364e9
2023-02-01T01:59:43.690+09:00 DEBUG 44814 --- [    Test worker] org.hibernate.type.BasicTypeRegistry     : Adding type registration uuid-binary -> org.hibernate.type.BasicTypeReference@447521e
2023-02-01T01:59:43.690+09:00 DEBUG 44814 --- [    Test worker] org.hibernate.type.BasicTypeRegistry     : Adding type registration uuid-char -> org.hibernate.type.BasicTypeReference@2fde9469
2023-02-01T01:59:43.690+09:00 DEBUG 44814 --- [    Test worker] org.hibernate.type.BasicTypeRegistry     : Adding type registration class -> org.hibernate.type.BasicTypeReference@1ecf0ac6
2023-02-01T01:59:43.690+09:00 DEBUG 44814 --- [    Test worker] org.hibernate.type.BasicTypeRegistry     : Adding type registration java.lang.Class -> org.hibernate.type.BasicTypeReference@1ecf0ac6
2023-02-01T01:59:43.690+09:00 DEBUG 44814 --- [    Test worker] org.hibernate.type.BasicTypeRegistry     : Adding type registration currency -> org.hibernate.type.BasicTypeReference@458031da
2023-02-01T01:59:43.690+09:00 DEBUG 44814 --- [    Test worker] org.hibernate.type.BasicTypeRegistry     : Adding type registration Currency -> org.hibernate.type.BasicTypeReference@458031da
2023-02-01T01:59:43.691+09:00 DEBUG 44814 --- [    Test worker] org.hibernate.type.BasicTypeRegistry     : Adding type registration java.util.Currency -> org.hibernate.type.BasicTypeReference@458031da
2023-02-01T01:59:43.691+09:00 DEBUG 44814 --- [    Test worker] org.hibernate.type.BasicTypeRegistry     : Adding type registration locale -> org.hibernate.type.BasicTypeReference@7be94cd6
2023-02-01T01:59:43.691+09:00 DEBUG 44814 --- [    Test worker] org.hibernate.type.BasicTypeRegistry     : Adding type registration java.util.Locale -> org.hibernate.type.BasicTypeReference@7be94cd6
2023-02-01T01:59:43.691+09:00 DEBUG 44814 --- [    Test worker] org.hibernate.type.BasicTypeRegistry     : Adding type registration serializable -> org.hibernate.type.BasicTypeReference@20cff21e
2023-02-01T01:59:43.691+09:00 DEBUG 44814 --- [    Test worker] org.hibernate.type.BasicTypeRegistry     : Adding type registration java.io.Serializable -> org.hibernate.type.BasicTypeReference@20cff21e
2023-02-01T01:59:43.691+09:00 DEBUG 44814 --- [    Test worker] org.hibernate.type.BasicTypeRegistry     : Adding type registration timezone -> org.hibernate.type.BasicTypeReference@463045fb
2023-02-01T01:59:43.691+09:00 DEBUG 44814 --- [    Test worker] org.hibernate.type.BasicTypeRegistry     : Adding type registration java.util.TimeZone -> org.hibernate.type.BasicTypeReference@463045fb
2023-02-01T01:59:43.691+09:00 DEBUG 44814 --- [    Test worker] org.hibernate.type.BasicTypeRegistry     : Adding type registration ZoneOffset -> org.hibernate.type.BasicTypeReference@27ab206
2023-02-01T01:59:43.691+09:00 DEBUG 44814 --- [    Test worker] org.hibernate.type.BasicTypeRegistry     : Adding type registration java.time.ZoneOffset -> org.hibernate.type.BasicTypeReference@27ab206
2023-02-01T01:59:43.691+09:00 DEBUG 44814 --- [    Test worker] org.hibernate.type.BasicTypeRegistry     : Adding type registration url -> org.hibernate.type.BasicTypeReference@3344d163
2023-02-01T01:59:43.691+09:00 DEBUG 44814 --- [    Test worker] org.hibernate.type.BasicTypeRegistry     : Adding type registration java.net.URL -> org.hibernate.type.BasicTypeReference@3344d163
2023-02-01T01:59:43.691+09:00 DEBUG 44814 --- [    Test worker] org.hibernate.type.BasicTypeRegistry     : Adding type registration row_version -> org.hibernate.type.BasicTypeReference@6cc48a17
2023-02-01T01:59:43.694+09:00 DEBUG 44814 --- [    Test worker] org.hibernate.type.BasicTypeRegistry     : Adding type registration dbtimestamp -> org.hibernate.type.DbTimestampType@9b2dc56
2023-02-01T01:59:43.694+09:00 DEBUG 44814 --- [    Test worker] org.hibernate.type.BasicTypeRegistry     : Adding type registration dbtimestamp -> org.hibernate.type.DbTimestampType@9b2dc56
2023-02-01T01:59:43.695+09:00 DEBUG 44814 --- [    Test worker] org.hibernate.type.BasicTypeRegistry     : Adding type registration object -> org.hibernate.type.JavaObjectType@3f68a7f8
2023-02-01T01:59:43.695+09:00 DEBUG 44814 --- [    Test worker] org.hibernate.type.BasicTypeRegistry     : Adding type registration java.lang.Object -> org.hibernate.type.JavaObjectType@3f68a7f8
2023-02-01T01:59:43.695+09:00 DEBUG 44814 --- [    Test worker] org.hibernate.type.BasicTypeRegistry     : Adding type registration null -> org.hibernate.type.NullType@149aa7b2
2023-02-01T01:59:43.695+09:00 DEBUG 44814 --- [    Test worker] org.hibernate.type.BasicTypeRegistry     : Adding type registration imm_date -> org.hibernate.type.BasicTypeReference@3ca3648
2023-02-01T01:59:43.695+09:00 DEBUG 44814 --- [    Test worker] org.hibernate.type.BasicTypeRegistry     : Adding type registration imm_time -> org.hibernate.type.BasicTypeReference@2a99ca99
2023-02-01T01:59:43.695+09:00 DEBUG 44814 --- [    Test worker] org.hibernate.type.BasicTypeRegistry     : Adding type registration imm_timestamp -> org.hibernate.type.BasicTypeReference@39f0c343
2023-02-01T01:59:43.695+09:00 DEBUG 44814 --- [    Test worker] org.hibernate.type.BasicTypeRegistry     : Adding type registration imm_calendar -> org.hibernate.type.BasicTypeReference@781654f8
2023-02-01T01:59:43.695+09:00 DEBUG 44814 --- [    Test worker] org.hibernate.type.BasicTypeRegistry     : Adding type registration imm_calendar_date -> org.hibernate.type.BasicTypeReference@2abc55c4
2023-02-01T01:59:43.695+09:00 DEBUG 44814 --- [    Test worker] org.hibernate.type.BasicTypeRegistry     : Adding type registration imm_calendar_time -> org.hibernate.type.BasicTypeReference@4e958f08
2023-02-01T01:59:43.695+09:00 DEBUG 44814 --- [    Test worker] org.hibernate.type.BasicTypeRegistry     : Adding type registration imm_binary -> org.hibernate.type.BasicTypeReference@71c0b742
2023-02-01T01:59:43.695+09:00 DEBUG 44814 --- [    Test worker] org.hibernate.type.BasicTypeRegistry     : Adding type registration imm_serializable -> org.hibernate.type.BasicTypeReference@3bbb8c16
2023-02-01T01:59:43.712+09:00  INFO 44814 --- [    Test worker] com.zaxxer.hikari.HikariDataSource       : HikariPool-1 - Starting...
2023-02-01T01:59:43.863+09:00  INFO 44814 --- [    Test worker] com.zaxxer.hikari.pool.HikariPool        : HikariPool-1 - Added connection org.postgresql.jdbc.PgConnection@4eeb14e0
2023-02-01T01:59:43.863+09:00  INFO 44814 --- [    Test worker] com.zaxxer.hikari.HikariDataSource       : HikariPool-1 - Start completed.
2023-02-01T01:59:43.901+09:00  INFO 44814 --- [    Test worker] SQL dialect                              : HHH000400: Using dialect: org.hibernate.dialect.PostgreSQLDialect
2023-02-01T01:59:43.917+09:00 DEBUG 44814 --- [    Test worker] o.h.t.d.sql.spi.DdlTypeRegistry          : addDescriptor(6, org.hibernate.type.descriptor.sql.internal.CapacityDependentDdlType@d504137) replaced previous registration(org.hibernate.type.descriptor.sql.internal.DdlTypeImpl@8432469)
2023-02-01T01:59:43.920+09:00 DEBUG 44814 --- [    Test worker] o.h.t.d.jdbc.spi.JdbcTypeRegistry        : addDescriptor(2004, BlobTypeDescriptor(BLOB_BINDING)) replaced previous registration(BlobTypeDescriptor(DEFAULT))
2023-02-01T01:59:43.920+09:00 DEBUG 44814 --- [    Test worker] o.h.t.d.jdbc.spi.JdbcTypeRegistry        : addDescriptor(2005, ClobTypeDescriptor(CLOB_BINDING)) replaced previous registration(ClobTypeDescriptor(DEFAULT))
2023-02-01T01:59:43.920+09:00 DEBUG 44814 --- [    Test worker] o.h.t.d.jdbc.spi.JdbcTypeRegistry        : addDescriptor(3003, TimestampUtcDescriptor) replaced previous registration(TimestampUtcDescriptor)
2023-02-01T01:59:43.922+09:00 DEBUG 44814 --- [    Test worker] org.hibernate.type.BasicTypeRegistry     : Adding type registration JAVA_OBJECT -> org.hibernate.type.JavaObjectType@69e2fe3b
2023-02-01T01:59:43.922+09:00 DEBUG 44814 --- [    Test worker] org.hibernate.type.BasicTypeRegistry     : Adding type registration java.lang.Object -> org.hibernate.type.JavaObjectType@69e2fe3b
2023-02-01T01:59:43.922+09:00 DEBUG 44814 --- [    Test worker] org.hibernate.type.BasicTypeRegistry     : Type registration key [java.lang.Object] overrode previous entry : `org.hibernate.type.JavaObjectType@3f68a7f8`
2023-02-01T01:59:43.924+09:00 DEBUG 44814 --- [    Test worker] org.hibernate.type.BasicTypeRegistry     : Adding type registration org.hibernate.type.OffsetDateTimeType -> basicType@1(java.time.OffsetDateTime,93)
2023-02-01T01:59:43.924+09:00 DEBUG 44814 --- [    Test worker] org.hibernate.type.BasicTypeRegistry     : Adding type registration OffsetDateTime -> basicType@1(java.time.OffsetDateTime,93)
2023-02-01T01:59:43.924+09:00 DEBUG 44814 --- [    Test worker] org.hibernate.type.BasicTypeRegistry     : Adding type registration java.time.OffsetDateTime -> basicType@1(java.time.OffsetDateTime,93)
2023-02-01T01:59:43.924+09:00 DEBUG 44814 --- [    Test worker] org.hibernate.type.BasicTypeRegistry     : Adding type registration org.hibernate.type.ZonedDateTimeType -> basicType@2(java.time.ZonedDateTime,93)
2023-02-01T01:59:43.924+09:00 DEBUG 44814 --- [    Test worker] org.hibernate.type.BasicTypeRegistry     : Adding type registration ZonedDateTime -> basicType@2(java.time.ZonedDateTime,93)
2023-02-01T01:59:43.924+09:00 DEBUG 44814 --- [    Test worker] org.hibernate.type.BasicTypeRegistry     : Adding type registration java.time.ZonedDateTime -> basicType@2(java.time.ZonedDateTime,93)
2023-02-01T01:59:43.925+09:00 DEBUG 44814 --- [    Test worker] o.h.type.spi.TypeConfiguration$Scope     : Scoping TypeConfiguration [org.hibernate.type.spi.TypeConfiguration@49889154] to MetadataBuildingContext [org.hibernate.boot.internal.MetadataBuildingContextRootImpl@5c33008f]
2023-02-01T01:59:44.087+09:00 DEBUG 44814 --- [    Test worker] o.h.type.spi.TypeConfiguration$Scope     : Scoping TypeConfiguration [org.hibernate.type.spi.TypeConfiguration@49889154] to SessionFactoryImplementor [org.hibernate.internal.SessionFactoryImpl@46d148bd]
Hibernate: 
    
    alter table if exists thread 
       drop constraint if exists FK49let3fn5c9tn4c4hmj06kth3
2023-02-01T01:59:44.305+09:00  WARN 44814 --- [    Test worker] o.h.engine.jdbc.spi.SqlExceptionHelper   : SQL Warning Code: 0, SQLState: 00000
2023-02-01T01:59:44.305+09:00  WARN 44814 --- [    Test worker] o.h.engine.jdbc.spi.SqlExceptionHelper   : constraint "fk49let3fn5c9tn4c4hmj06kth3" of relation "thread" does not exist, skipping
Hibernate: 
    
    drop table if exists channel cascade
Hibernate: 
    
    drop table if exists thread cascade
Hibernate: 
    
    drop table if exists users cascade
Hibernate: 
    
    create table channel (
       id bigserial not null,
        name varchar(255),
        type varchar(255),
        primary key (id)
    )
Hibernate: 
    
    create table thread (
       id bigserial not null,
        message varchar(500),
        channel_id bigint,
        primary key (id)
    )
Hibernate: 
    
    create table users (
       id bigserial not null,
        city varchar(255),
        state varchar(255),
        home_street varchar(255),
        zip_code varchar(255),
        password varchar(25),
        username varchar(25),
        primary key (id)
    )
Hibernate: 
    
    alter table if exists thread 
       add constraint FK49let3fn5c9tn4c4hmj06kth3 
       foreign key (channel_id) 
       references channel
2023-02-01T01:59:44.364+09:00  INFO 44814 --- [    Test worker] o.h.e.t.j.p.i.JtaPlatformInitiator       : HHH000490: Using JtaPlatform implementation: [org.hibernate.engine.transaction.jta.platform.internal.NoJtaPlatform]
2023-02-01T01:59:44.368+09:00 TRACE 44814 --- [    Test worker] o.h.type.spi.TypeConfiguration$Scope     : Handling #sessionFactoryCreated from [org.hibernate.internal.SessionFactoryImpl@46d148bd] for TypeConfiguration
2023-02-01T01:59:44.369+09:00  INFO 44814 --- [    Test worker] j.LocalContainerEntityManagerFactoryBean : Initialized JPA EntityManagerFactory for persistence unit 'default'
2023-02-01T01:59:44.603+09:00  WARN 44814 --- [    Test worker] JpaBaseConfiguration$JpaWebConfiguration : spring.jpa.open-in-view is enabled by default. Therefore, database queries may be performed during view rendering. Explicitly configure spring.jpa.open-in-view to disable this warning
2023-02-01T01:59:44.773+09:00  INFO 44814 --- [    Test worker] j.pricehoon.thread.ThreadRepositoryTest  : Started ThreadRepositoryTest in 1.84 seconds (process running for 2.379)
Hibernate: 
    insert 
    into
        channel
        (name, type) 
    values
        (?, ?)
Hibernate: 
    insert 
    into
        thread
        (channel_id, message) 
    values
        (?, ?)
Hibernate: 
    insert 
    into
        thread
        (channel_id, message) 
    values
        (?, ?)
]]></system-out>
  <system-err><![CDATA[]]></system-err>
</testsuite>
